<?xml version="1.0" encoding="UTF-8"?>
<testng-results skipped="0" failed="0" ignored="0" total="2" passed="2">
  <reporter-output>
  </reporter-output>
  <suite name="Default suite" duration-ms="4820" started-at="2019-07-06T08:41:43Z" finished-at="2019-07-06T08:41:48Z">
    <groups>
    </groups>
    <test name="Default test" duration-ms="4820" started-at="2019-07-06T08:41:43Z" finished-at="2019-07-06T08:41:48Z">
      <class name="com.qa.tests.GetAPITest">
        <test-method status="PASS" signature="setUp()[pri:0, instance:com.qa.tests.GetAPITest@c038203]" name="setUp" is-config="true" duration-ms="8" started-at="2019-07-06T08:41:43Z" finished-at="2019-07-06T08:41:43Z">
          <reporter-output>
          </reporter-output>
        </test-method> <!-- setUp -->
        <test-method status="PASS" signature="getAPITestWithoutHeaders()[pri:1, instance:com.qa.tests.GetAPITest@c038203]" name="getAPITestWithoutHeaders" duration-ms="3835" started-at="2019-07-06T08:41:43Z" finished-at="2019-07-06T08:41:47Z">
          <reporter-output>
          </reporter-output>
        </test-method> <!-- getAPITestWithoutHeaders -->
        <test-method status="PASS" signature="setUp()[pri:0, instance:com.qa.tests.GetAPITest@c038203]" name="setUp" is-config="true" duration-ms="1" started-at="2019-07-06T08:41:47Z" finished-at="2019-07-06T08:41:47Z">
          <reporter-output>
          </reporter-output>
        </test-method> <!-- setUp -->
        <test-method status="PASS" signature="getAPITestWithHeaders()[pri:2, instance:com.qa.tests.GetAPITest@c038203]" name="getAPITestWithHeaders" duration-ms="915" started-at="2019-07-06T08:41:47Z" finished-at="2019-07-06T08:41:48Z">
          <reporter-output>
          </reporter-output>
        </test-method> <!-- getAPITestWithHeaders -->
      </class> <!-- com.qa.tests.GetAPITest -->
    </test> <!-- Default test -->
  </suite> <!-- Default suite -->
</testng-results>
